\BOOKMARK [1][-]{section.1}{Graded\040Problems}{}% 1
\BOOKMARK [2][-]{subsection.1.1}{Kleinberg\040and\040Tardos,\040Chapter\0402,\040Exercise\0403.}{section.1}% 2
\BOOKMARK [2][-]{subsection.1.2}{Kleinberg\040and\040Tardos,\040Chapter\0402,\040Exercise\0404.}{section.1}% 3
\BOOKMARK [2][-]{subsection.1.3}{Kleinberg\040and\040Tardos,\040Chapter\0402,\040Exercise\0405.}{section.1}% 4
\BOOKMARK [3][-]{subsubsection.1.3.1}{log2f\(n\)\040is\040O\(log2\040g\(n\)\)}{subsection.1.3}% 5
\BOOKMARK [3][-]{subsubsection.1.3.2}{2f\(n\)\040is\040O\(2g\(n\)\)}{subsection.1.3}% 6
\BOOKMARK [3][-]{subsubsection.1.3.3}{f\(n\)2\040is\040O\(g\(n\)2\)}{subsection.1.3}% 7
\BOOKMARK [2][-]{subsection.1.4}{Which\040of\040the\040following\040statements\040are\040true?}{section.1}% 8
\BOOKMARK [3][-]{subsubsection.1.4.1}{If\040f,\040g,\040and\040h\040are\040positive\040increasing\040functions\040with\040f\040in\040O\(h\)\040and\040g\040in\040\(h\),\040then\040the\040function\040f\040+\040g\040must\040be\040in\040\(h\).}{subsection.1.4}% 9
\BOOKMARK [3][-]{subsubsection.1.4.2}{Given\040a\040problem\040with\040input\040of\040size\040n,\040a\040solution\040with\040O\(n\)\040time\040complexity\040always\040costs\040less\040in\040computing\040time\040than\040a\040solution\040with\040O\(n2\)\040time\040complexity.}{subsection.1.4}% 10
\BOOKMARK [3][-]{subsubsection.1.4.3}{F\(n\)=4n+3n\040is\040both\040O\(n\)\040and\040\(n\).}{subsection.1.4}% 11
\BOOKMARK [3][-]{subsubsection.1.4.4}{For\040a\040search\040starting\040at\040node\040s\040in\040graph\040G,\040the\040DFS\040Tree\040is\040never\040as\040the\040same\040as\040the\040BFS\040tree.}{subsection.1.4}% 12
\BOOKMARK [3][-]{subsubsection.1.4.5}{BFS\040can\040be\040used\040to\040find\040the\040shortest\040path\040between\040any\040two\040nodes\040in\040a\040non-weighted\040graph.}{subsection.1.4}% 13
\BOOKMARK [2][-]{subsection.1.5}{Kleinberg\040and\040Tardos,\040Chapter\0403,\040Exercise\0402.}{section.1}% 14
\BOOKMARK [1][-]{section.2}{Practice\040Problems}{}% 15
\BOOKMARK [2][-]{subsection.2.1}{Kleinberg\040and\040Tardos,\040Chapter\0402,\040Exercise\0406.}{section.2}% 16
\BOOKMARK [3][-]{subsubsection.2.1.1}{}{subsection.2.1}% 17
\BOOKMARK [3][-]{subsubsection.2.1.2}{}{subsection.2.1}% 18
\BOOKMARK [3][-]{subsubsection.2.1.3}{}{subsection.2.1}% 19
\BOOKMARK [2][-]{subsection.2.2}{Kleinberg\040and\040Tardos,\040Chapter\0403,\040Exercise\0406.}{section.2}% 20
